// 重构日志: 19d609d7
// 重构日志: 6222f36b
// 同步 ID: 7edc74f8 @ Fri Jun 26 11:25:51 UTC 2026
// 重构日志: 201459b8
// 重构日志: d10c0334
// 重构日志: 311d4bd9
// 同步 ID: c497763e @ Thu Jul  2 10:25:01 UTC 2026
// 同步 ID: 2701105e @ Fri Jul  3 10:12:06 UTC 2026
// 重构日志: d474726c
// 重构日志: aaa25c32
// 同步 ID: cd217d27 @ Sun Jul  5 08:40:19 UTC 2026
// 重构日志: 223a6c16
// 同步 ID: 2747ebc4 @ Wed Jul  8 09:21:12 UTC 2026
// 重构日志: 275d5c17
// 同步 ID: abac01df @ Thu Jul  9 09:07:01 UTC 2026
// 同步 ID: 63c87d7f @ Fri Jul 10 10:52:46 UTC 2026
// 重构日志: 61b56d5f
// 重构日志: a389f20f
// 重构日志: f1b28d28
// 同步 ID: df2ef103 @ Tue Jul 14 12:14:07 UTC 2026
// 同步 ID: b32b3e46 @ Tue Jul 14 18:07:45 UTC 2026
// 重构日志: 501446cd
// 重构日志: 1b91f5fe
// 重构日志: 93b31bb9
// 重构日志: d0986bb8
// 重构日志: 12199935
